[07-Sep-2025 20:38:40 UTC] PHP Fatal error:  Uncaught RuntimeException: Database configuration error: DB_PASS is not set in C:\laragon\www\LPSK\inc\db.php:13
Stack trace:
#0 C:\laragon\www\LPSK\inc\auth.php(27): db()
#1 C:\laragon\www\LPSK\public\login.php(33): login('admin', 'admin123')
#2 {main}
  thrown in C:\laragon\www\LPSK\inc\db.php on line 13
[07-Sep-2025 20:40:19 UTC] PHP Fatal error:  Uncaught RuntimeException: Database configuration error: DB_PASS is not set in C:\laragon\www\LPSK\inc\db.php:13
Stack trace:
#0 C:\laragon\www\LPSK\inc\auth.php(27): db()
#1 C:\laragon\www\LPSK\public\login.php(33): login('admin', 'admin123')
#2 {main}
  thrown in C:\laragon\www\LPSK\inc\db.php on line 13
[07-Sep-2025 20:45:11 UTC] PHP Fatal error:  Uncaught RuntimeException: Database configuration error: DB_PASS is not set in C:\laragon\www\LPSK\inc\db.php:13
Stack trace:
#0 C:\laragon\www\LPSK\inc\auth.php(27): db()
#1 C:\laragon\www\LPSK\public\login.php(33): login('admin', 'admin123')
#2 {main}
  thrown in C:\laragon\www\LPSK\inc\db.php on line 13
[07-Sep-2025 20:45:17 UTC] PHP Fatal error:  Uncaught RuntimeException: Database configuration error: DB_PASS is not set in C:\laragon\www\LPSK\inc\db.php:13
Stack trace:
#0 C:\laragon\www\LPSK\inc\auth.php(27): db()
#1 C:\laragon\www\LPSK\public\login.php(33): login('admin', 'admin123')
#2 {main}
  thrown in C:\laragon\www\LPSK\inc\db.php on line 13
